Determining if the pthread_create exist failed with the following output:
Change Dir: /home/abdelrhman/Self-Learning/SensorFusion/SFND_Lidar_Obstacle_Detection/src/quiz/ransac/build/CMakeFiles/CMakeTmp

Run Build Command:"/usr/bin/make" "cmTC_5f7fe/fast"
/usr/bin/make -f CMakeFiles/cmTC_5f7fe.dir/build.make CMakeFiles/cmTC_5f7fe.dir/build
make[1]: Entering directory '/home/abdelrhman/Self-Learning/SensorFusion/SFND_Lidar_Obstacle_Detection/src/quiz/ransac/build/CMakeFiles/CMakeTmp'
Building C object CMakeFiles/cmTC_5f7fe.dir/CheckSymbolExists.c.o
/usr/bin/cc     -o CMakeFiles/cmTC_5f7fe.dir/CheckSymbolExists.c.o   -c /home/abdelrhman/Self-Learning/SensorFusion/SFND_Lidar_Obstacle_Detection/src/quiz/ransac/build/CMakeFiles/CMakeTmp/CheckSymbolExists.c
Linking C executable cmTC_5f7fe
/usr/bin/cmake -E cmake_link_script CMakeFiles/cmTC_5f7fe.dir/link.txt --verbose=1
/usr/bin/cc       CMakeFiles/cmTC_5f7fe.dir/CheckSymbolExists.c.o  -o cmTC_5f7fe -rdynamic 
CMakeFiles/cmTC_5f7fe.dir/CheckSymbolExists.c.o: In function `main':
CheckSymbolExists.c:(.text+0x16): undefined reference to `pthread_create'
collect2: error: ld returned 1 exit status
CMakeFiles/cmTC_5f7fe.dir/build.make:97: recipe for target 'cmTC_5f7fe' failed
make[1]: *** [cmTC_5f7fe] Error 1
make[1]: Leaving directory '/home/abdelrhman/Self-Learning/SensorFusion/SFND_Lidar_Obstacle_Detection/src/quiz/ransac/build/CMakeFiles/CMakeTmp'
Makefile:126: recipe for target 'cmTC_5f7fe/fast' failed
make: *** [cmTC_5f7fe/fast] Error 2

File /home/abdelrhman/Self-Learning/SensorFusion/SFND_Lidar_Obstacle_Detection/src/quiz/ransac/build/CMakeFiles/CMakeTmp/CheckSymbolExists.c:
/* */
#include <pthread.h>

int main(int argc, char** argv)
{
  (void)argv;
#ifndef pthread_create
  return ((int*)(&pthread_create))[argc];
#else
  (void)argc;
  return 0;
#endif
}

Determining if the function pthread_create exists in the pthreads failed with the following output:
Change Dir: /home/abdelrhman/Self-Learning/SensorFusion/SFND_Lidar_Obstacle_Detection/src/quiz/ransac/build/CMakeFiles/CMakeTmp

Run Build Command:"/usr/bin/make" "cmTC_4369d/fast"
/usr/bin/make -f CMakeFiles/cmTC_4369d.dir/build.make CMakeFiles/cmTC_4369d.dir/build
make[1]: Entering directory '/home/abdelrhman/Self-Learning/SensorFusion/SFND_Lidar_Obstacle_Detection/src/quiz/ransac/build/CMakeFiles/CMakeTmp'
Building C object CMakeFiles/cmTC_4369d.dir/CheckFunctionExists.c.o
/usr/bin/cc    -DCHECK_FUNCTION_EXISTS=pthread_create   -o CMakeFiles/cmTC_4369d.dir/CheckFunctionExists.c.o   -c /usr/share/cmake-3.5/Modules/CheckFunctionExists.c
Linking C executable cmTC_4369d
/usr/bin/cmake -E cmake_link_script CMakeFiles/cmTC_4369d.dir/link.txt --verbose=1
/usr/bin/cc   -DCHECK_FUNCTION_EXISTS=pthread_create    CMakeFiles/cmTC_4369d.dir/CheckFunctionExists.c.o  -o cmTC_4369d -rdynamic -lpthreads 
/usr/bin/ld: cannot find -lpthreads
collect2: error: ld returned 1 exit status
CMakeFiles/cmTC_4369d.dir/build.make:97: recipe for target 'cmTC_4369d' failed
make[1]: *** [cmTC_4369d] Error 1
make[1]: Leaving directory '/home/abdelrhman/Self-Learning/SensorFusion/SFND_Lidar_Obstacle_Detection/src/quiz/ransac/build/CMakeFiles/CMakeTmp'
Makefile:126: recipe for target 'cmTC_4369d/fast' failed
make: *** [cmTC_4369d/fast] Error 2


