Determining if the pthread_create exist failed with the following output:
Change Dir: /home/abdelrhman/Self-Learning/SensorFusion/SFND_Lidar_Obstacle_Detection/src/quiz/cluster/build/CMakeFiles/CMakeTmp

Run Build Command:"/usr/bin/make" "cmTC_16995/fast"
/usr/bin/make -f CMakeFiles/cmTC_16995.dir/build.make CMakeFiles/cmTC_16995.dir/build
make[1]: Entering directory '/home/abdelrhman/Self-Learning/SensorFusion/SFND_Lidar_Obstacle_Detection/src/quiz/cluster/build/CMakeFiles/CMakeTmp'
Building C object CMakeFiles/cmTC_16995.dir/CheckSymbolExists.c.o
/usr/bin/cc     -o CMakeFiles/cmTC_16995.dir/CheckSymbolExists.c.o   -c /home/abdelrhman/Self-Learning/SensorFusion/SFND_Lidar_Obstacle_Detection/src/quiz/cluster/build/CMakeFiles/CMakeTmp/CheckSymbolExists.c
Linking C executable cmTC_16995
/usr/bin/cmake -E cmake_link_script CMakeFiles/cmTC_16995.dir/link.txt --verbose=1
/usr/bin/cc       CMakeFiles/cmTC_16995.dir/CheckSymbolExists.c.o  -o cmTC_16995 -rdynamic 
CMakeFiles/cmTC_16995.dir/CheckSymbolExists.c.o: In function `main':
CheckSymbolExists.c:(.text+0x16): undefined reference to `pthread_create'
collect2: error: ld returned 1 exit status
CMakeFiles/cmTC_16995.dir/build.make:97: recipe for target 'cmTC_16995' failed
make[1]: *** [cmTC_16995] Error 1
make[1]: Leaving directory '/home/abdelrhman/Self-Learning/SensorFusion/SFND_Lidar_Obstacle_Detection/src/quiz/cluster/build/CMakeFiles/CMakeTmp'
Makefile:126: recipe for target 'cmTC_16995/fast' failed
make: *** [cmTC_16995/fast] Error 2

File /home/abdelrhman/Self-Learning/SensorFusion/SFND_Lidar_Obstacle_Detection/src/quiz/cluster/build/CMakeFiles/CMakeTmp/CheckSymbolExists.c:
/* */
#include <pthread.h>

int main(int argc, char** argv)
{
  (void)argv;
#ifndef pthread_create
  return ((int*)(&pthread_create))[argc];
#else
  (void)argc;
  return 0;
#endif
}

Determining if the function pthread_create exists in the pthreads failed with the following output:
Change Dir: /home/abdelrhman/Self-Learning/SensorFusion/SFND_Lidar_Obstacle_Detection/src/quiz/cluster/build/CMakeFiles/CMakeTmp

Run Build Command:"/usr/bin/make" "cmTC_97ba4/fast"
/usr/bin/make -f CMakeFiles/cmTC_97ba4.dir/build.make CMakeFiles/cmTC_97ba4.dir/build
make[1]: Entering directory '/home/abdelrhman/Self-Learning/SensorFusion/SFND_Lidar_Obstacle_Detection/src/quiz/cluster/build/CMakeFiles/CMakeTmp'
Building C object CMakeFiles/cmTC_97ba4.dir/CheckFunctionExists.c.o
/usr/bin/cc    -DCHECK_FUNCTION_EXISTS=pthread_create   -o CMakeFiles/cmTC_97ba4.dir/CheckFunctionExists.c.o   -c /usr/share/cmake-3.5/Modules/CheckFunctionExists.c
Linking C executable cmTC_97ba4
/usr/bin/cmake -E cmake_link_script CMakeFiles/cmTC_97ba4.dir/link.txt --verbose=1
/usr/bin/cc   -DCHECK_FUNCTION_EXISTS=pthread_create    CMakeFiles/cmTC_97ba4.dir/CheckFunctionExists.c.o  -o cmTC_97ba4 -rdynamic -lpthreads 
/usr/bin/ld: cannot find -lpthreads
collect2: error: ld returned 1 exit status
CMakeFiles/cmTC_97ba4.dir/build.make:97: recipe for target 'cmTC_97ba4' failed
make[1]: *** [cmTC_97ba4] Error 1
make[1]: Leaving directory '/home/abdelrhman/Self-Learning/SensorFusion/SFND_Lidar_Obstacle_Detection/src/quiz/cluster/build/CMakeFiles/CMakeTmp'
Makefile:126: recipe for target 'cmTC_97ba4/fast' failed
make: *** [cmTC_97ba4/fast] Error 2


